
=== Tue Mar  1 17:21:33 2022

Packages were changed.
Update Mode: updateDependencies

The following packages were updated:
  com.unity.2d.animation from version 5.0.3 to 5.0.10
  com.unity.2d.psdimporter from version 4.0.2 to 4.1.3
  com.unity.2d.spriteshape from version 5.1.0 to 5.1.7
  com.unity.collab-proxy from version 1.3.9 to 1.15.7
  com.unity.ide.visualstudio from version 2.0.5 to 2.0.12
  com.unity.ide.vscode from version 1.2.3 to 1.2.4
  com.unity.render-pipelines.universal from version 10.2.2 to 10.8.1
  com.unity.test-framework from version 1.1.19 to 1.1.29
  com.unity.textmeshpro from version 3.0.1 to 3.0.6
  com.unity.timeline from version 1.4.4 to 1.4.8

=== Sat Apr 29 13:11:08 2023

Packages were changed.
Update Mode: updateDependencies

The following packages were updated:
  com.unity.2d.animation from version 5.0.10 to 7.0.5
  com.unity.2d.pixel-perfect from version 4.0.1 to 5.0.1
  com.unity.2d.psdimporter from version 4.1.3 to 6.0.3
  com.unity.2d.spriteshape from version 5.1.7 to 7.0.4
  com.unity.cinemachine from version 2.6.4 to 2.8.4
  com.unity.collab-proxy from version 1.15.7 to 1.15.16
  com.unity.ide.rider from version 2.0.7 to 3.0.13
  com.unity.ide.vscode from version 1.2.4 to 1.2.5
  com.unity.render-pipelines.universal from version 10.8.1 to 12.1.6
  com.unity.test-framework from version 1.1.29 to 1.1.31
  com.unity.timeline from version 1.4.8 to 1.6.4
